2024-10-28 00:07:56 [http-nio-8080-exec-2] INFO  o.a.c.c.C.[Tomcat].[localhost].[/] - Initializing Spring DispatcherServlet 'dispatcherServlet'
2024-10-28 00:07:56 [http-nio-8080-exec-2] DEBUG o.s.security.web.FilterChainProxy - Securing POST /auth/login
2024-10-28 00:07:56 [http-nio-8080-exec-2] DEBUG o.s.s.w.a.AnonymousAuthenticationFilter - Set SecurityContextHolder to anonymous SecurityContext
2024-10-28 00:07:56 [http-nio-8080-exec-2] DEBUG o.s.security.web.FilterChainProxy - Secured POST /auth/login
2024-10-28 00:07:56 [http-nio-8080-exec-2] DEBUG c.example.demo.aspect.LoggingAspect - Entrando: com.example.demo.controller.AuthController.login() com argumento[s] = [com.example.demo.controller.AuthController$AuthRequest@62b7d095]
2024-10-28 00:07:57 [http-nio-8080-exec-2] DEBUG c.example.demo.aspect.LoggingAspect - Entrando: com.example.demo.service.CustomUserDetailsService.loadUserByUsername() com argumento[s] = [admin]
2024-10-28 00:07:57 [http-nio-8080-exec-2] DEBUG c.example.demo.aspect.LoggingAspect - Entrando: com.example.demo.repository.UsuarioRepository.findByUsername() com argumento[s] = [admin]
2024-10-28 00:07:57 [http-nio-8080-exec-2] DEBUG c.example.demo.aspect.LoggingAspect - Saindo: com.example.demo.repository.UsuarioRepository.findByUsername() com resultado = Optional[com.example.demo.model.Usuario@267467f5]
2024-10-28 00:07:57 [http-nio-8080-exec-2] DEBUG c.example.demo.aspect.LoggingAspect - Saindo: com.example.demo.service.CustomUserDetailsService.loadUserByUsername() com resultado = com.example.demo.model.Usuario@267467f5
2024-10-28 00:07:57 [http-nio-8080-exec-2] DEBUG o.s.s.a.d.DaoAuthenticationProvider - Authenticated user
2024-10-28 00:07:57 [http-nio-8080-exec-2] DEBUG c.example.demo.aspect.LoggingAspect - Entrando: com.example.demo.repository.UsuarioRepository.findByUsername() com argumento[s] = [admin]
2024-10-28 00:07:57 [http-nio-8080-exec-2] DEBUG c.example.demo.aspect.LoggingAspect - Saindo: com.example.demo.repository.UsuarioRepository.findByUsername() com resultado = Optional[com.example.demo.model.Usuario@267467f5]
2024-10-28 00:07:57 [http-nio-8080-exec-2] DEBUG c.example.demo.aspect.LoggingAspect - Saindo: com.example.demo.controller.AuthController.login() com resultado = <200 OK OK,com.example.demo.controller.AuthController$AuthResponse@4f18013d,[]>
2024-10-28 00:08:08 [http-nio-8080-exec-6] DEBUG o.s.security.web.FilterChainProxy - Securing GET /graphiql?path=/graphql
2024-10-28 00:08:08 [http-nio-8080-exec-6] DEBUG o.s.s.w.a.AnonymousAuthenticationFilter - Set SecurityContextHolder to anonymous SecurityContext
2024-10-28 00:08:08 [http-nio-8080-exec-6] DEBUG o.s.security.web.FilterChainProxy - Secured GET /graphiql?path=/graphql
2024-10-28 00:08:08 [http-nio-8080-exec-4] DEBUG o.s.security.web.FilterChainProxy - Securing POST /graphql
2024-10-28 00:08:08 [http-nio-8080-exec-4] WARN  c.e.d.s.JwtAuthenticationFilter - Cabeçalho Authorization não encontrado ou não começa com Bearer
2024-10-28 00:08:08 [http-nio-8080-exec-4] DEBUG o.s.s.w.a.AnonymousAuthenticationFilter - Set SecurityContextHolder to anonymous SecurityContext
2024-10-28 00:08:08 [http-nio-8080-exec-4] DEBUG o.s.security.web.FilterChainProxy - Securing POST /error
2024-10-28 00:08:08 [http-nio-8080-exec-4] DEBUG o.s.s.w.a.AnonymousAuthenticationFilter - Set SecurityContextHolder to anonymous SecurityContext
2024-10-28 00:08:09 [http-nio-8080-exec-1] DEBUG o.s.security.web.FilterChainProxy - Securing GET /favicon.ico
2024-10-28 00:08:09 [http-nio-8080-exec-1] WARN  c.e.d.s.JwtAuthenticationFilter - Cabeçalho Authorization não encontrado ou não começa com Bearer
2024-10-28 00:08:09 [http-nio-8080-exec-1] DEBUG o.s.s.w.a.AnonymousAuthenticationFilter - Set SecurityContextHolder to anonymous SecurityContext
2024-10-28 00:08:09 [http-nio-8080-exec-1] DEBUG o.s.security.web.FilterChainProxy - Securing GET /error
2024-10-28 00:08:09 [http-nio-8080-exec-1] DEBUG o.s.s.w.a.AnonymousAuthenticationFilter - Set SecurityContextHolder to anonymous SecurityContext
2024-10-28 00:08:32 [http-nio-8080-exec-3] DEBUG o.s.security.web.FilterChainProxy - Securing POST /graphql
2024-10-28 00:08:32 [http-nio-8080-exec-3] WARN  c.e.d.s.JwtAuthenticationFilter - Cabeçalho Authorization não encontrado ou não começa com Bearer
2024-10-28 00:08:32 [http-nio-8080-exec-3] DEBUG o.s.s.w.a.AnonymousAuthenticationFilter - Set SecurityContextHolder to anonymous SecurityContext
2024-10-28 00:08:32 [http-nio-8080-exec-3] DEBUG o.s.security.web.FilterChainProxy - Securing POST /error
2024-10-28 00:08:32 [http-nio-8080-exec-3] DEBUG o.s.s.w.a.AnonymousAuthenticationFilter - Set SecurityContextHolder to anonymous SecurityContext
2024-10-28 00:08:36 [http-nio-8080-exec-7] DEBUG o.s.security.web.FilterChainProxy - Securing POST /graphql
2024-10-28 00:08:36 [http-nio-8080-exec-7] DEBUG c.example.demo.aspect.LoggingAspect - Entrando: com.example.demo.service.CustomUserDetailsService.loadUserByUsername() com argumento[s] = [admin]
2024-10-28 00:08:36 [http-nio-8080-exec-7] DEBUG c.example.demo.aspect.LoggingAspect - Entrando: com.example.demo.repository.UsuarioRepository.findByUsername() com argumento[s] = [admin]
2024-10-28 00:08:36 [http-nio-8080-exec-7] DEBUG c.example.demo.aspect.LoggingAspect - Saindo: com.example.demo.repository.UsuarioRepository.findByUsername() com resultado = Optional[com.example.demo.model.Usuario@3228cab]
2024-10-28 00:08:36 [http-nio-8080-exec-7] DEBUG c.example.demo.aspect.LoggingAspect - Saindo: com.example.demo.service.CustomUserDetailsService.loadUserByUsername() com resultado = com.example.demo.model.Usuario@3228cab
2024-10-28 00:08:36 [http-nio-8080-exec-7] INFO  c.e.d.s.JwtAuthenticationFilter - Usuário autenticado: admin
2024-10-28 00:08:36 [http-nio-8080-exec-7] DEBUG o.s.security.web.FilterChainProxy - Secured POST /graphql
2024-10-28 00:08:36 [http-nio-8080-exec-7] DEBUG c.example.demo.aspect.LoggingAspect - Entrando: com.example.demo.controller.LivroGraphQLController.listarLivros() com argumento[s] = []
2024-10-28 00:08:36 [http-nio-8080-exec-7] DEBUG c.example.demo.aspect.LoggingAspect - Entrando: com.example.demo.service.LivroService.listarTodos() com argumento[s] = []
2024-10-28 00:08:36 [http-nio-8080-exec-7] DEBUG c.example.demo.aspect.LoggingAspect - Entrando: org.springframework.data.repository.ListCrudRepository.findAll() com argumento[s] = []
2024-10-28 00:08:36 [http-nio-8080-exec-7] DEBUG c.example.demo.aspect.LoggingAspect - Saindo: org.springframework.data.repository.ListCrudRepository.findAll() com resultado = [com.example.demo.model.Livro@373af232, com.example.demo.model.Livro@1741ec44]
2024-10-28 00:08:36 [http-nio-8080-exec-7] DEBUG c.example.demo.aspect.LoggingAspect - Saindo: com.example.demo.service.LivroService.listarTodos() com resultado = [com.example.demo.model.Livro@373af232, com.example.demo.model.Livro@1741ec44]
2024-10-28 00:08:36 [http-nio-8080-exec-7] DEBUG c.example.demo.aspect.LoggingAspect - Saindo: com.example.demo.controller.LivroGraphQLController.listarLivros() com resultado = [com.example.demo.model.Livro@373af232, com.example.demo.model.Livro@1741ec44]
2024-10-28 00:48:36 [main] INFO  c.example.demo.DemoApplicationTests - Starting DemoApplicationTests using Java 21.0.2 with PID 8592 (started by michelle in C:\dev\workspace\eclipse-2023\demo-livro)
2024-10-28 00:48:36 [main] DEBUG c.example.demo.DemoApplicationTests - Running with Spring Boot v3.3.4, Spring v6.1.13
2024-10-28 00:48:36 [main] INFO  c.example.demo.DemoApplicationTests - No active profile set, falling back to 1 default profile: "default"
2024-10-28 00:48:38 [main] INFO  o.h.jpa.internal.util.LogHelper - HHH000204: Processing PersistenceUnitInfo [name: default]
2024-10-28 00:48:39 [main] INFO  org.hibernate.Version - HHH000412: Hibernate ORM core version 6.5.3.Final
2024-10-28 00:48:39 [main] INFO  o.h.c.i.RegionFactoryInitiator - HHH000026: Second-level cache disabled
2024-10-28 00:48:39 [main] INFO  com.zaxxer.hikari.HikariDataSource - HikariPool-1 - Starting...
2024-10-28 00:48:39 [main] INFO  com.zaxxer.hikari.pool.HikariPool - HikariPool-1 - Added connection org.postgresql.jdbc.PgConnection@24b3f778
2024-10-28 00:48:39 [main] INFO  com.zaxxer.hikari.HikariDataSource - HikariPool-1 - Start completed.
2024-10-28 00:48:41 [main] INFO  o.h.e.t.j.p.i.JtaPlatformInitiator - HHH000489: No JTA platform available (set 'hibernate.transaction.jta.platform' to enable JTA platform integration)
2024-10-28 00:48:42 [main] INFO  o.s.s.c.a.a.c.InitializeUserDetailsBeanManagerConfigurer$InitializeUserDetailsManagerConfigurer - Global AuthenticationManager configured with UserDetailsService bean with name customUserDetailsService
2024-10-28 00:48:42 [main] WARN  o.s.b.a.o.j.JpaBaseConfiguration$JpaWebConfiguration - spring.jpa.open-in-view is enabled by default. Therefore, database queries may be performed during view rendering. Explicitly configure spring.jpa.open-in-view to disable this warning
2024-10-28 00:48:44 [main] DEBUG o.s.s.web.DefaultSecurityFilterChain - Will secure any request with filters: DisableEncodeUrlFilter, WebAsyncManagerIntegrationFilter, SecurityContextHolderFilter, HeaderWriterFilter, LogoutFilter, JwtAuthenticationFilter, RequestCacheAwareFilter, SecurityContextHolderAwareRequestFilter, AnonymousAuthenticationFilter, SessionManagementFilter, ExceptionTranslationFilter, AuthorizationFilter
2024-10-28 00:48:44 [main] INFO  c.example.demo.DemoApplicationTests - Started DemoApplicationTests in 8.337 seconds (process running for 9.832)
2024-10-28 00:48:45 [SpringApplicationShutdownHook] INFO  com.zaxxer.hikari.HikariDataSource - HikariPool-1 - Shutdown initiated...
2024-10-28 00:48:45 [SpringApplicationShutdownHook] INFO  com.zaxxer.hikari.HikariDataSource - HikariPool-1 - Shutdown completed.
2024-10-28 00:50:32 [main] INFO  com.example.demo.DemoApplication - Starting DemoApplication using Java 21.0.2 with PID 23480 (C:\dev\workspace\eclipse-2023\demo-livro\target\classes started by michelle in C:\dev\workspace\eclipse-2023\demo-livro)
2024-10-28 00:50:32 [main] DEBUG com.example.demo.DemoApplication - Running with Spring Boot v3.3.4, Spring v6.1.13
2024-10-28 00:50:32 [main] INFO  com.example.demo.DemoApplication - No active profile set, falling back to 1 default profile: "default"
2024-10-28 00:50:34 [main] INFO  o.a.catalina.core.StandardService - Starting service [Tomcat]
2024-10-28 00:50:34 [main] INFO  o.a.catalina.core.StandardEngine - Starting Servlet engine: [Apache Tomcat/10.1.30]
2024-10-28 00:50:34 [main] INFO  o.a.c.c.C.[Tomcat].[localhost].[/] - Initializing Spring embedded WebApplicationContext
2024-10-28 00:50:35 [main] INFO  o.h.jpa.internal.util.LogHelper - HHH000204: Processing PersistenceUnitInfo [name: default]
2024-10-28 00:50:35 [main] INFO  org.hibernate.Version - HHH000412: Hibernate ORM core version 6.5.3.Final
2024-10-28 00:50:35 [main] INFO  o.h.c.i.RegionFactoryInitiator - HHH000026: Second-level cache disabled
2024-10-28 00:50:35 [main] INFO  com.zaxxer.hikari.HikariDataSource - HikariPool-1 - Starting...
2024-10-28 00:50:36 [main] INFO  com.zaxxer.hikari.pool.HikariPool - HikariPool-1 - Added connection org.postgresql.jdbc.PgConnection@76134b9b
2024-10-28 00:50:36 [main] INFO  com.zaxxer.hikari.HikariDataSource - HikariPool-1 - Start completed.
2024-10-28 00:50:37 [main] INFO  o.h.e.t.j.p.i.JtaPlatformInitiator - HHH000489: No JTA platform available (set 'hibernate.transaction.jta.platform' to enable JTA platform integration)
2024-10-28 00:50:38 [main] DEBUG c.e.d.s.JwtAuthenticationFilter - Filter 'jwtAuthenticationFilter' configured for use
2024-10-28 00:50:38 [main] INFO  o.s.s.c.a.a.c.InitializeUserDetailsBeanManagerConfigurer$InitializeUserDetailsManagerConfigurer - Global AuthenticationManager configured with UserDetailsService bean with name customUserDetailsService
2024-10-28 00:50:38 [main] WARN  o.s.b.a.o.j.JpaBaseConfiguration$JpaWebConfiguration - spring.jpa.open-in-view is enabled by default. Therefore, database queries may be performed during view rendering. Explicitly configure spring.jpa.open-in-view to disable this warning
2024-10-28 00:50:40 [main] DEBUG o.s.s.web.DefaultSecurityFilterChain - Will secure any request with filters: DisableEncodeUrlFilter, WebAsyncManagerIntegrationFilter, SecurityContextHolderFilter, HeaderWriterFilter, LogoutFilter, JwtAuthenticationFilter, RequestCacheAwareFilter, SecurityContextHolderAwareRequestFilter, AnonymousAuthenticationFilter, SessionManagementFilter, ExceptionTranslationFilter, AuthorizationFilter
2024-10-28 00:50:40 [main] INFO  com.example.demo.DemoApplication - Started DemoApplication in 9.012 seconds (process running for 9.433)
2024-10-28 00:52:25 [http-nio-8080-exec-1] INFO  o.a.c.c.C.[Tomcat].[localhost].[/] - Initializing Spring DispatcherServlet 'dispatcherServlet'
2024-10-28 00:52:26 [http-nio-8080-exec-1] DEBUG o.s.security.web.FilterChainProxy - Securing POST /auth/login
2024-10-28 00:52:26 [http-nio-8080-exec-1] WARN  c.e.d.s.JwtAuthenticationFilter - Cabeçalho Authorization não encontrado ou não começa com Bearer
2024-10-28 00:52:26 [http-nio-8080-exec-1] DEBUG o.s.s.w.a.AnonymousAuthenticationFilter - Set SecurityContextHolder to anonymous SecurityContext
2024-10-28 00:52:26 [http-nio-8080-exec-1] DEBUG o.s.security.web.FilterChainProxy - Secured POST /auth/login
2024-10-28 00:52:26 [http-nio-8080-exec-1] DEBUG c.example.demo.aspect.LoggingAspect - Entrando: com.example.demo.controller.AuthController.login() com argumento[s] = [com.example.demo.controller.AuthController$AuthRequest@4403e404]
2024-10-28 00:52:26 [http-nio-8080-exec-1] DEBUG c.example.demo.aspect.LoggingAspect - Entrando: com.example.demo.service.CustomUserDetailsService.loadUserByUsername() com argumento[s] = [admin]
2024-10-28 00:52:26 [http-nio-8080-exec-1] DEBUG c.example.demo.aspect.LoggingAspect - Entrando: com.example.demo.repository.UsuarioRepository.findByUsername() com argumento[s] = [admin]
2024-10-28 00:52:26 [http-nio-8080-exec-1] DEBUG c.example.demo.aspect.LoggingAspect - Saindo: com.example.demo.repository.UsuarioRepository.findByUsername() com resultado = Optional[com.example.demo.model.Usuario@51c569ea]
2024-10-28 00:52:26 [http-nio-8080-exec-1] DEBUG c.example.demo.aspect.LoggingAspect - Saindo: com.example.demo.service.CustomUserDetailsService.loadUserByUsername() com resultado = com.example.demo.model.Usuario@51c569ea
2024-10-28 00:52:26 [http-nio-8080-exec-1] DEBUG o.s.s.a.d.DaoAuthenticationProvider - Authenticated user
2024-10-28 00:52:26 [http-nio-8080-exec-1] DEBUG c.example.demo.aspect.LoggingAspect - Entrando: com.example.demo.repository.UsuarioRepository.findByUsername() com argumento[s] = [admin]
2024-10-28 00:52:26 [http-nio-8080-exec-1] DEBUG c.example.demo.aspect.LoggingAspect - Saindo: com.example.demo.repository.UsuarioRepository.findByUsername() com resultado = Optional[com.example.demo.model.Usuario@51c569ea]
2024-10-28 00:52:26 [http-nio-8080-exec-1] DEBUG c.example.demo.aspect.LoggingAspect - Saindo: com.example.demo.controller.AuthController.login() com resultado = <200 OK OK,com.example.demo.controller.AuthController$AuthResponse@26f039b8,[]>
2024-10-28 00:52:45 [http-nio-8080-exec-3] DEBUG o.s.security.web.FilterChainProxy - Securing POST /graphql
2024-10-28 00:52:45 [http-nio-8080-exec-3] DEBUG c.example.demo.aspect.LoggingAspect - Entrando: com.example.demo.service.CustomUserDetailsService.loadUserByUsername() com argumento[s] = [admin]
2024-10-28 00:52:45 [http-nio-8080-exec-3] DEBUG c.example.demo.aspect.LoggingAspect - Entrando: com.example.demo.repository.UsuarioRepository.findByUsername() com argumento[s] = [admin]
2024-10-28 00:52:45 [http-nio-8080-exec-3] DEBUG c.example.demo.aspect.LoggingAspect - Saindo: com.example.demo.repository.UsuarioRepository.findByUsername() com resultado = Optional[com.example.demo.model.Usuario@1b0e0103]
2024-10-28 00:52:45 [http-nio-8080-exec-3] DEBUG c.example.demo.aspect.LoggingAspect - Saindo: com.example.demo.service.CustomUserDetailsService.loadUserByUsername() com resultado = com.example.demo.model.Usuario@1b0e0103
2024-10-28 00:52:45 [http-nio-8080-exec-3] INFO  c.e.d.s.JwtAuthenticationFilter - Usuário autenticado: admin
2024-10-28 00:52:45 [http-nio-8080-exec-3] DEBUG o.s.security.web.FilterChainProxy - Secured POST /graphql
2024-10-28 00:52:45 [http-nio-8080-exec-3] DEBUG c.example.demo.aspect.LoggingAspect - Entrando: com.example.demo.controller.LivroGraphQLController.listarLivros() com argumento[s] = []
2024-10-28 00:52:45 [http-nio-8080-exec-3] DEBUG c.example.demo.aspect.LoggingAspect - Entrando: com.example.demo.service.LivroService.listarTodos() com argumento[s] = []
2024-10-28 00:52:45 [http-nio-8080-exec-3] DEBUG c.example.demo.aspect.LoggingAspect - Entrando: org.springframework.data.repository.ListCrudRepository.findAll() com argumento[s] = []
2024-10-28 00:52:45 [http-nio-8080-exec-3] DEBUG c.example.demo.aspect.LoggingAspect - Saindo: org.springframework.data.repository.ListCrudRepository.findAll() com resultado = [com.example.demo.model.Livro@1283bd53, com.example.demo.model.Livro@33ca8d27]
2024-10-28 00:52:45 [http-nio-8080-exec-3] DEBUG c.example.demo.aspect.LoggingAspect - Saindo: com.example.demo.service.LivroService.listarTodos() com resultado = [com.example.demo.model.Livro@1283bd53, com.example.demo.model.Livro@33ca8d27]
2024-10-28 00:52:45 [http-nio-8080-exec-3] DEBUG c.example.demo.aspect.LoggingAspect - Saindo: com.example.demo.controller.LivroGraphQLController.listarLivros() com resultado = [com.example.demo.model.Livro@1283bd53, com.example.demo.model.Livro@33ca8d27]
2024-10-28 01:02:32 [main] INFO  c.example.demo.DemoApplicationTests - Starting DemoApplicationTests using Java 21.0.2 with PID 11952 (started by michelle in C:\dev\workspace\eclipse-2023\demo-livro)
2024-10-28 01:02:32 [main] DEBUG c.example.demo.DemoApplicationTests - Running with Spring Boot v3.3.4, Spring v6.1.13
2024-10-28 01:02:32 [main] INFO  c.example.demo.DemoApplicationTests - No active profile set, falling back to 1 default profile: "default"
2024-10-28 01:02:34 [main] INFO  o.h.jpa.internal.util.LogHelper - HHH000204: Processing PersistenceUnitInfo [name: default]
2024-10-28 01:02:34 [main] INFO  org.hibernate.Version - HHH000412: Hibernate ORM core version 6.5.3.Final
2024-10-28 01:02:34 [main] INFO  o.h.c.i.RegionFactoryInitiator - HHH000026: Second-level cache disabled
2024-10-28 01:02:35 [main] INFO  com.zaxxer.hikari.HikariDataSource - HikariPool-1 - Starting...
2024-10-28 01:02:35 [main] INFO  com.zaxxer.hikari.pool.HikariPool - HikariPool-1 - Added connection org.postgresql.jdbc.PgConnection@25216999
2024-10-28 01:02:35 [main] INFO  com.zaxxer.hikari.HikariDataSource - HikariPool-1 - Start completed.
2024-10-28 01:02:36 [main] INFO  o.h.e.t.j.p.i.JtaPlatformInitiator - HHH000489: No JTA platform available (set 'hibernate.transaction.jta.platform' to enable JTA platform integration)
2024-10-28 01:02:38 [main] INFO  o.s.s.c.a.a.c.InitializeUserDetailsBeanManagerConfigurer$InitializeUserDetailsManagerConfigurer - Global AuthenticationManager configured with UserDetailsService bean with name customUserDetailsService
2024-10-28 01:02:38 [main] WARN  o.s.b.a.o.j.JpaBaseConfiguration$JpaWebConfiguration - spring.jpa.open-in-view is enabled by default. Therefore, database queries may be performed during view rendering. Explicitly configure spring.jpa.open-in-view to disable this warning
2024-10-28 01:02:40 [main] DEBUG o.s.s.web.DefaultSecurityFilterChain - Will secure any request with filters: DisableEncodeUrlFilter, WebAsyncManagerIntegrationFilter, SecurityContextHolderFilter, HeaderWriterFilter, LogoutFilter, JwtAuthenticationFilter, RequestCacheAwareFilter, SecurityContextHolderAwareRequestFilter, AnonymousAuthenticationFilter, SessionManagementFilter, ExceptionTranslationFilter, AuthorizationFilter
2024-10-28 01:02:40 [main] INFO  c.example.demo.DemoApplicationTests - Started DemoApplicationTests in 8.912 seconds (process running for 10.217)
2024-10-28 01:02:41 [SpringApplicationShutdownHook] INFO  com.zaxxer.hikari.HikariDataSource - HikariPool-1 - Shutdown initiated...
2024-10-28 01:02:41 [SpringApplicationShutdownHook] INFO  com.zaxxer.hikari.HikariDataSource - HikariPool-1 - Shutdown completed.
2024-10-28 01:06:13 [main] INFO  com.example.demo.DemoApplication - Starting DemoApplication using Java 21.0.2 with PID 42380 (C:\dev\workspace\eclipse-2023\demo-livro\target\classes started by michelle in C:\dev\workspace\eclipse-2023\demo-livro)
2024-10-28 01:06:13 [main] DEBUG com.example.demo.DemoApplication - Running with Spring Boot v3.3.4, Spring v6.1.13
2024-10-28 01:06:13 [main] INFO  com.example.demo.DemoApplication - No active profile set, falling back to 1 default profile: "default"
2024-10-28 01:06:15 [main] INFO  o.a.catalina.core.StandardService - Starting service [Tomcat]
2024-10-28 01:06:15 [main] INFO  o.a.catalina.core.StandardEngine - Starting Servlet engine: [Apache Tomcat/10.1.30]
2024-10-28 01:06:15 [main] INFO  o.a.c.c.C.[Tomcat].[localhost].[/] - Initializing Spring embedded WebApplicationContext
2024-10-28 01:06:16 [main] INFO  o.h.jpa.internal.util.LogHelper - HHH000204: Processing PersistenceUnitInfo [name: default]
2024-10-28 01:06:16 [main] INFO  org.hibernate.Version - HHH000412: Hibernate ORM core version 6.5.3.Final
2024-10-28 01:06:16 [main] INFO  o.h.c.i.RegionFactoryInitiator - HHH000026: Second-level cache disabled
2024-10-28 01:06:17 [main] INFO  com.zaxxer.hikari.HikariDataSource - HikariPool-1 - Starting...
2024-10-28 01:06:17 [main] INFO  com.zaxxer.hikari.pool.HikariPool - HikariPool-1 - Added connection org.postgresql.jdbc.PgConnection@165aa43a
2024-10-28 01:06:17 [main] INFO  com.zaxxer.hikari.HikariDataSource - HikariPool-1 - Start completed.
2024-10-28 01:06:19 [main] INFO  o.h.e.t.j.p.i.JtaPlatformInitiator - HHH000489: No JTA platform available (set 'hibernate.transaction.jta.platform' to enable JTA platform integration)
2024-10-28 01:06:20 [main] DEBUG c.e.d.s.JwtAuthenticationFilter - Filter 'jwtAuthenticationFilter' configured for use
2024-10-28 01:06:20 [main] INFO  o.s.s.c.a.a.c.InitializeUserDetailsBeanManagerConfigurer$InitializeUserDetailsManagerConfigurer - Global AuthenticationManager configured with UserDetailsService bean with name customUserDetailsService
2024-10-28 01:06:20 [main] WARN  o.s.b.a.o.j.JpaBaseConfiguration$JpaWebConfiguration - spring.jpa.open-in-view is enabled by default. Therefore, database queries may be performed during view rendering. Explicitly configure spring.jpa.open-in-view to disable this warning
2024-10-28 01:06:22 [main] DEBUG o.s.s.web.DefaultSecurityFilterChain - Will secure any request with filters: DisableEncodeUrlFilter, WebAsyncManagerIntegrationFilter, SecurityContextHolderFilter, HeaderWriterFilter, LogoutFilter, JwtAuthenticationFilter, RequestCacheAwareFilter, SecurityContextHolderAwareRequestFilter, AnonymousAuthenticationFilter, SessionManagementFilter, ExceptionTranslationFilter, AuthorizationFilter
2024-10-28 01:06:23 [main] INFO  com.example.demo.DemoApplication - Started DemoApplication in 10.38 seconds (process running for 10.836)
2024-10-28 01:07:28 [http-nio-8080-exec-2] INFO  o.a.c.c.C.[Tomcat].[localhost].[/] - Initializing Spring DispatcherServlet 'dispatcherServlet'
2024-10-28 01:07:28 [http-nio-8080-exec-2] DEBUG o.s.security.web.FilterChainProxy - Securing POST /auth/login
2024-10-28 01:07:28 [http-nio-8080-exec-2] WARN  c.e.d.s.JwtAuthenticationFilter - Cabeçalho Authorization não encontrado ou não começa com Bearer
2024-10-28 01:07:28 [http-nio-8080-exec-2] DEBUG o.s.s.w.a.AnonymousAuthenticationFilter - Set SecurityContextHolder to anonymous SecurityContext
2024-10-28 01:07:28 [http-nio-8080-exec-2] DEBUG o.s.security.web.FilterChainProxy - Secured POST /auth/login
2024-10-28 01:07:28 [http-nio-8080-exec-2] DEBUG c.example.demo.aspect.LoggingAspect - Entrando: com.example.demo.controller.AuthController.login() com argumento[s] = [com.example.demo.controller.AuthController$AuthRequest@39e47be9]
2024-10-28 01:07:28 [http-nio-8080-exec-2] DEBUG c.example.demo.aspect.LoggingAspect - Entrando: com.example.demo.service.CustomUserDetailsService.loadUserByUsername() com argumento[s] = [admin]
2024-10-28 01:07:28 [http-nio-8080-exec-2] DEBUG c.example.demo.aspect.LoggingAspect - Entrando: com.example.demo.repository.UsuarioRepository.findByUsername() com argumento[s] = [admin]
2024-10-28 01:07:29 [http-nio-8080-exec-2] DEBUG c.example.demo.aspect.LoggingAspect - Saindo: com.example.demo.repository.UsuarioRepository.findByUsername() com resultado = Optional[com.example.demo.model.Usuario@1024cda0]
2024-10-28 01:07:29 [http-nio-8080-exec-2] DEBUG c.example.demo.aspect.LoggingAspect - Saindo: com.example.demo.service.CustomUserDetailsService.loadUserByUsername() com resultado = com.example.demo.model.Usuario@1024cda0
2024-10-28 01:07:29 [http-nio-8080-exec-2] DEBUG o.s.s.a.d.DaoAuthenticationProvider - Authenticated user
2024-10-28 01:07:29 [http-nio-8080-exec-2] DEBUG c.example.demo.aspect.LoggingAspect - Entrando: com.example.demo.repository.UsuarioRepository.findByUsername() com argumento[s] = [admin]
2024-10-28 01:07:29 [http-nio-8080-exec-2] DEBUG c.example.demo.aspect.LoggingAspect - Saindo: com.example.demo.repository.UsuarioRepository.findByUsername() com resultado = Optional[com.example.demo.model.Usuario@1024cda0]
2024-10-28 01:07:29 [http-nio-8080-exec-2] DEBUG c.example.demo.aspect.LoggingAspect - Saindo: com.example.demo.controller.AuthController.login() com resultado = <200 OK OK,com.example.demo.controller.AuthController$AuthResponse@330c45b9,[]>
2024-10-28 01:07:55 [http-nio-8080-exec-3] DEBUG o.s.security.web.FilterChainProxy - Securing POST /graphql
2024-10-28 01:07:55 [http-nio-8080-exec-3] DEBUG c.example.demo.aspect.LoggingAspect - Entrando: com.example.demo.service.CustomUserDetailsService.loadUserByUsername() com argumento[s] = [admin]
2024-10-28 01:07:55 [http-nio-8080-exec-3] DEBUG c.example.demo.aspect.LoggingAspect - Entrando: com.example.demo.repository.UsuarioRepository.findByUsername() com argumento[s] = [admin]
2024-10-28 01:07:55 [http-nio-8080-exec-3] DEBUG c.example.demo.aspect.LoggingAspect - Saindo: com.example.demo.repository.UsuarioRepository.findByUsername() com resultado = Optional[com.example.demo.model.Usuario@3d5e47d7]
2024-10-28 01:07:55 [http-nio-8080-exec-3] DEBUG c.example.demo.aspect.LoggingAspect - Saindo: com.example.demo.service.CustomUserDetailsService.loadUserByUsername() com resultado = com.example.demo.model.Usuario@3d5e47d7
2024-10-28 01:07:55 [http-nio-8080-exec-3] INFO  c.e.d.s.JwtAuthenticationFilter - Usuário autenticado: admin
2024-10-28 01:07:55 [http-nio-8080-exec-3] DEBUG o.s.security.web.FilterChainProxy - Secured POST /graphql
2024-10-28 01:07:55 [http-nio-8080-exec-3] DEBUG o.s.s.a.m.AuthorizationManagerBeforeMethodInterceptor - Authorizing method invocation ReflectiveMethodInvocation: public java.util.List com.example.demo.controller.LivroGraphQLController.listarLivros(); target is of class [com.example.demo.controller.LivroGraphQLController]
2024-10-28 01:07:55 [http-nio-8080-exec-3] DEBUG o.s.s.a.m.AuthorizationManagerBeforeMethodInterceptor - Authorized method invocation ReflectiveMethodInvocation: public java.util.List com.example.demo.controller.LivroGraphQLController.listarLivros(); target is of class [com.example.demo.controller.LivroGraphQLController]
2024-10-28 01:07:55 [http-nio-8080-exec-3] DEBUG c.example.demo.aspect.LoggingAspect - Entrando: com.example.demo.controller.LivroGraphQLController.listarLivros() com argumento[s] = []
2024-10-28 01:07:55 [http-nio-8080-exec-3] DEBUG c.example.demo.aspect.LoggingAspect - Entrando: com.example.demo.service.LivroService.listarTodos() com argumento[s] = []
2024-10-28 01:07:55 [http-nio-8080-exec-3] DEBUG c.example.demo.aspect.LoggingAspect - Entrando: org.springframework.data.repository.ListCrudRepository.findAll() com argumento[s] = []
2024-10-28 01:07:55 [http-nio-8080-exec-3] DEBUG c.example.demo.aspect.LoggingAspect - Saindo: org.springframework.data.repository.ListCrudRepository.findAll() com resultado = [com.example.demo.model.Livro@10be364a, com.example.demo.model.Livro@31d05ba2]
2024-10-28 01:07:55 [http-nio-8080-exec-3] DEBUG c.example.demo.aspect.LoggingAspect - Saindo: com.example.demo.service.LivroService.listarTodos() com resultado = [com.example.demo.model.Livro@10be364a, com.example.demo.model.Livro@31d05ba2]
2024-10-28 01:07:55 [http-nio-8080-exec-3] DEBUG c.example.demo.aspect.LoggingAspect - Saindo: com.example.demo.controller.LivroGraphQLController.listarLivros() com resultado = [com.example.demo.model.Livro@10be364a, com.example.demo.model.Livro@31d05ba2]
